<?xml version="1.0" encoding="UTF-8"?>
<testng-results skipped="0" failed="0" ignored="0" total="1" passed="1">
  <reporter-output>
  </reporter-output>
  <suite name="Suite" duration-ms="55" started-at="2020-03-22T08:20:01 IST" finished-at="2020-03-22T08:20:01 IST">
    <groups>
    </groups>
    <test name="Test" duration-ms="55" started-at="2020-03-22T08:20:01 IST" finished-at="2020-03-22T08:20:01 IST">
      <class name="test_feature.LoginTest">
        <test-method status="PASS" signature="loginTest()[pri:0, instance:test_feature.LoginTest@6a41eaa2]" name="loginTest" duration-ms="8" started-at="2020-03-22T08:20:01 IST" finished-at="2020-03-22T08:20:01 IST">
          <reporter-output>
          </reporter-output>
        </test-method> <!-- loginTest -->
      </class> <!-- test_feature.LoginTest -->
    </test> <!-- Test -->
  </suite> <!-- Suite -->
</testng-results>
